<?xml version="1.0" encoding="UTF-8"?>
<!-- Generated by org.testng.reporters.JUnitReportReporter -->
<testsuite hostname="DESKTOP-2GD8KKD" failures="0" tests="1" name="Com.Tscript.TC001" time="32.369" errors="0" timestamp="2024-03-24T18:00:58 IST" skipped="0">
  <testcase classname="Com.Tscript.TC001" name="Testng" time="32.369"/>
  <system-out>
    <![CDATA[login
Add
Edit
Delete
logout]]>
  </system-out>
</testsuite> <!-- Com.Tscript.TC001 -->
